{"failedCount":1,"prefixedPath":"src\/test\/java\/Airline\/CreateAirlinewithsceariooutline.feature","packageQualifiedName":"src.test.java.Airline.CreateAirlinewithsceariooutline","loopIndex":-1,"relativePath":"src\/test\/java\/Airline\/CreateAirlinewithsceariooutline.feature","scenarioResults":[{"sectionIndex":3,"stepResults":[{"result":{"nanos":0,"errorMessage":"js failed:\n>>>>\n01: read('Airline\/Payloads\/MOCK_DATA.json)'\n<<<<\norg.graalvm.polyglot.PolyglotException: SyntaxError: Unnamed:1:39 Expected , but found eof\r\nread('Airline\/Payloads\/MOCK_DATA.json)'\r\n                                       ^\n\n- org.graalvm.polyglot.Context.eval(Context.java:425)\n- com.intuit.karate.graal.JsEngine.evalForValue(JsEngine.java:169)\n- com.intuit.karate.graal.JsEngine.eval(JsEngine.java:165)\n- com.intuit.karate.core.ScenarioEngine.evalJs(ScenarioEngine.java:1199)\n- com.intuit.karate.core.ScenarioIterator.tryAdvance(ScenarioIterator.java:104)\n- com.intuit.karate.core.ScenarioIterator.tryAdvance(ScenarioIterator.java:88)\n- java.base\/java.util.stream.StreamSpliterators$WrappingSpliterator.lambda$initPartialTraversalState$0(StreamSpliterators.java:294)\n\nsrc\/test\/java\/Airline\/CreateAirlinewithsceariooutline.feature:67","millis":0.0,"status":"failed"},"step":{"endLine":0,"line":67,"prefix":"*","index":-1,"text":"src\/test\/java\/Airline\/CreateAirlinewithsceariooutline.feature[4:67] dynamic expression evaluation failed: read('Airline\/Payloads\/MOCK_DATA.json)'"},"stepLog":"js failed:\n>>>>\n01: read('Airline\/Payloads\/MOCK_DATA.json)'\n<<<<\norg.graalvm.polyglot.PolyglotException: SyntaxError: Unnamed:1:39 Expected , but found eof\r\nread('Airline\/Payloads\/MOCK_DATA.json)'\r\n                                       ^\n\n- org.graalvm.polyglot.Context.eval(Context.java:425)\n- com.intuit.karate.graal.JsEngine.evalForValue(JsEngine.java:169)\n- com.intuit.karate.graal.JsEngine.eval(JsEngine.java:165)\n- com.intuit.karate.core.ScenarioEngine.evalJs(ScenarioEngine.java:1199)\n- com.intuit.karate.core.ScenarioIterator.tryAdvance(ScenarioIterator.java:104)\n- com.intuit.karate.core.ScenarioIterator.tryAdvance(ScenarioIterator.java:88)\n- java.base\/java.util.stream.StreamSpliterators$WrappingSpliterator.lambda$initPartialTraversalState$0(StreamSpliterators.java:294)\n"}],"line":67,"description":"","durationMillis":0.0,"failed":true,"error":"js failed:\n>>>>\n01: read('Airline\/Payloads\/MOCK_DATA.json)'\n<<<<\norg.graalvm.polyglot.PolyglotException: SyntaxError: Unnamed:1:39 Expected , but found eof\r\nread('Airline\/Payloads\/MOCK_DATA.json)'\r\n                                       ^\n\n- org.graalvm.polyglot.Context.eval(Context.java:425)\n- com.intuit.karate.graal.JsEngine.evalForValue(JsEngine.java:169)\n- com.intuit.karate.graal.JsEngine.eval(JsEngine.java:165)\n- com.intuit.karate.core.ScenarioEngine.evalJs(ScenarioEngine.java:1199)\n- com.intuit.karate.core.ScenarioIterator.tryAdvance(ScenarioIterator.java:104)\n- com.intuit.karate.core.ScenarioIterator.tryAdvance(ScenarioIterator.java:88)\n- java.base\/java.util.stream.StreamSpliterators$WrappingSpliterator.lambda$initPartialTraversalState$0(StreamSpliterators.java:294)\n\nsrc\/test\/java\/Airline\/CreateAirlinewithsceariooutline.feature:67","executorName":null,"name":"Data driven testing basics for Json Payload using external Json file","startTime":0,"refId":"[4:67]","endTime":0,"exampleIndex":-1}],"callDepth":0,"name":"Data Driven testing Basics","description":"","resultDate":"2023-09-26 06:45:00 PM","durationMillis":0.0,"passedCount":0}